<?xml version="1.0" encoding="UTF-8"?>
<testng-results ignored="0" total="1" passed="1" failed="0" skipped="0">
  <reporter-output>
  </reporter-output>
  <suite started-at="2023-05-26T22:51:19 IST" name="Default suite" finished-at="2023-05-26T22:53:17 IST" duration-ms="118053">
    <groups>
    </groups>
    <test started-at="2023-05-26T22:51:19 IST" name="Default test" finished-at="2023-05-26T22:53:17 IST" duration-ms="118053">
      <class name="EbayAutomationTest.Login">
        <test-method is-config="true" signature="setup()[pri:0, instance:EbayAutomationTest.Login@37ce3644]" started-at="2023-05-26T22:51:19 IST" name="setup" finished-at="2023-05-26T22:52:12 IST" duration-ms="52673" status="PASS">
          <reporter-output>
          </reporter-output>
        </test-method> <!-- setup -->
        <test-method signature="login()[pri:0, instance:EbayAutomationTest.Login@37ce3644]" started-at="2023-05-26T22:52:12 IST" name="login" finished-at="2023-05-26T22:52:53 IST" duration-ms="41133" status="PASS">
          <reporter-output>
          </reporter-output>
        </test-method> <!-- login -->
        <test-method is-config="true" signature="teardown()[pri:0, instance:EbayAutomationTest.Login@37ce3644]" started-at="2023-05-26T22:52:53 IST" name="teardown" finished-at="2023-05-26T22:53:17 IST" duration-ms="24214" status="PASS">
          <reporter-output>
          </reporter-output>
        </test-method> <!-- teardown -->
      </class> <!-- EbayAutomationTest.Login -->
    </test> <!-- Default test -->
  </suite> <!-- Default suite -->
</testng-results>
